<?xml version="1.0" encoding="UTF-8"?>
<coverage generated="1650847555534" clover="3.2.0">
  <project timestamp="1650847555534" name="All files">
    <metrics statements="74" coveredstatements="74" conditionals="10" coveredconditionals="10" methods="13" coveredmethods="13" elements="97" coveredelements="97" complexity="0" loc="74" ncloc="74" packages="1" files="4" classes="4"/>
    <file name="app.js" path="J:\IGTI - bootCamp nodeJs\Modulo 4 -\1 - PARTE 1 TESTES - UNITARIOS E INTEGRACAO COM JEST\api_jurosCompostos\src\app.js">
      <metrics statements="18" coveredstatements="18" conditionals="2" coveredconditionals="2" methods="2" coveredmethods="2"/>
      <line num="1" count="1" type="stmt"/>
      <line num="2" count="1" type="stmt"/>
      <line num="4" count="1" type="stmt"/>
      <line num="5" count="1" type="stmt"/>
      <line num="7" count="1" type="stmt"/>
      <line num="9" count="1" type="stmt"/>
      <line num="11" count="1" type="stmt"/>
      <line num="12" count="2" type="stmt"/>
      <line num="15" count="1" type="stmt"/>
      <line num="23" count="5" type="stmt"/>
      <line num="24" count="5" type="cond" truecount="2" falsecount="0"/>
      <line num="25" count="1" type="stmt"/>
      <line num="28" count="4" type="stmt"/>
      <line num="29" count="4" type="stmt"/>
      <line num="30" count="4" type="stmt"/>
      <line num="36" count="3" type="stmt"/>
      <line num="38" count="1" type="stmt"/>
      <line num="43" count="1" type="stmt"/>
    </file>
    <file name="bancoDados.js" path="J:\IGTI - bootCamp nodeJs\Modulo 4 -\1 - PARTE 1 TESTES - UNITARIOS E INTEGRACAO COM JEST\api_jurosCompostos\src\bancoDados.js">
      <metrics statements="13" coveredstatements="13" conditionals="0" coveredconditionals="0" methods="2" coveredmethods="2"/>
      <line num="1" count="1" type="stmt"/>
      <line num="3" count="1" type="stmt"/>
      <line num="13" count="1" type="stmt"/>
      <line num="14" count="1" type="stmt"/>
      <line num="28" count="1" type="stmt"/>
      <line num="31" count="1" type="stmt"/>
      <line num="32" count="1" type="stmt"/>
      <line num="60" count="1" type="stmt"/>
      <line num="63" count="1" type="stmt"/>
      <line num="64" count="1" type="stmt"/>
      <line num="66" count="1" type="stmt"/>
      <line num="67" count="1" type="stmt"/>
      <line num="69" count="1" type="stmt"/>
    </file>
    <file name="calcula-valor.js" path="J:\IGTI - bootCamp nodeJs\Modulo 4 -\1 - PARTE 1 TESTES - UNITARIOS E INTEGRACAO COM JEST\api_jurosCompostos\src\calcula-valor.js">
      <metrics statements="23" coveredstatements="23" conditionals="2" coveredconditionals="2" methods="8" coveredmethods="8"/>
      <line num="2" count="5" type="stmt"/>
      <line num="3" count="5" type="stmt"/>
      <line num="4" count="5" type="stmt"/>
      <line num="8" count="34" type="stmt"/>
      <line num="9" count="34" type="stmt"/>
      <line num="10" count="34" type="stmt"/>
      <line num="14" count="7" type="stmt"/>
      <line num="16" count="7" type="stmt"/>
      <line num="18" count="15" type="stmt"/>
      <line num="20" count="7" type="stmt"/>
      <line num="21" count="7" type="stmt"/>
      <line num="25" count="7" type="stmt"/>
      <line num="26" count="6" type="stmt"/>
      <line num="27" count="18" type="stmt"/>
      <line num="28" count="6" type="stmt"/>
      <line num="29" count="6" type="stmt"/>
      <line num="35" count="7" type="stmt"/>
      <line num="40" count="1" type="stmt"/>
      <line num="41" count="3" type="cond" truecount="2" falsecount="0"/>
      <line num="42" count="2" type="stmt"/>
      <line num="48" count="1" type="stmt"/>
      <line num="49" count="1" type="stmt"/>
      <line num="53" count="2" type="stmt"/>
    </file>
    <file name="consulta-cliente.js" path="J:\IGTI - bootCamp nodeJs\Modulo 4 -\1 - PARTE 1 TESTES - UNITARIOS E INTEGRACAO COM JEST\api_jurosCompostos\src\consulta-cliente.js">
      <metrics statements="20" coveredstatements="20" conditionals="6" coveredconditionals="6" methods="1" coveredmethods="1"/>
      <line num="1" count="1" type="stmt"/>
      <line num="3" count="1" type="stmt"/>
      <line num="5" count="1" type="stmt"/>
      <line num="7" count="1" type="stmt"/>
      <line num="8" count="4" type="stmt"/>
      <line num="9" count="4" type="stmt"/>
      <line num="13" count="4" type="cond" truecount="2" falsecount="0"/>
      <line num="14" count="2" type="stmt"/>
      <line num="20" count="4" type="stmt"/>
      <line num="27" count="4" type="cond" truecount="2" falsecount="0"/>
      <line num="28" count="2" type="stmt"/>
      <line num="29" count="2" type="stmt"/>
      <line num="31" count="2" type="cond" truecount="2" falsecount="0"/>
      <line num="32" count="1" type="stmt"/>
      <line num="36" count="3" type="stmt"/>
      <line num="37" count="3" type="stmt"/>
      <line num="39" count="3" type="stmt"/>
      <line num="48" count="3" type="stmt"/>
      <line num="50" count="3" type="stmt"/>
      <line num="60" count="1" type="stmt"/>
    </file>
  </project>
</coverage>
