{"J:\\IGTI - bootCamp nodeJs\\Modulo 4 -\\1 - PARTE 1 TESTES - UNITARIOS E INTEGRACAO COM JEST\\api_jurosCompostos\\src\\app.js": {"path":"J:\\IGTI - bootCamp nodeJs\\Modulo 4 -\\1 - PARTE 1 TESTES - UNITARIOS E INTEGRACAO COM JEST\\api_jurosCompostos\\src\\app.js","statementMap":{"0":{"start":{"line":1,"column":16},"end":{"line":1,"column":34}},"1":{"start":{"line":2,"column":12},"end":{"line":2,"column":21}},"2":{"start":{"line":4,"column":34},"end":{"line":4,"column":62}},"3":{"start":{"line":5,"column":21},"end":{"line":5,"column":44}},"4":{"start":{"line":7,"column":24},"end":{"line":7,"column":53}},"5":{"start":{"line":9,"column":0},"end":{"line":9,"column":23}},"6":{"start":{"line":11,"column":0},"end":{"line":13,"column":2}},"7":{"start":{"line":12,"column":4},"end":{"line":12,"column":45}},"8":{"start":{"line":15,"column":0},"end":{"line":41,"column":1}},"9":{"start":{"line":23,"column":22},"end":{"line":23,"column":43}},"10":{"start":{"line":24,"column":8},"end":{"line":26,"column":9}},"11":{"start":{"line":25,"column":12},"end":{"line":25,"column":62}},"12":{"start":{"line":28,"column":8},"end":{"line":39,"column":9}},"13":{"start":{"line":29,"column":12},"end":{"line":29,"column":28}},"14":{"start":{"line":30,"column":28},"end":{"line":35,"column":13}},"15":{"start":{"line":36,"column":12},"end":{"line":36,"column":41}},"16":{"start":{"line":38,"column":12},"end":{"line":38,"column":60}},"17":{"start":{"line":43,"column":0},"end":{"line":43,"column":20}}},"fnMap":{"0":{"name":"(anonymous_0)","decl":{"start":{"line":11,"column":13},"end":{"line":11,"column":14}},"loc":{"start":{"line":11,"column":31},"end":{"line":13,"column":1}},"line":11},"1":{"name":"(anonymous_1)","decl":{"start":{"line":22,"column":4},"end":{"line":22,"column":5}},"loc":{"start":{"line":22,"column":24},"end":{"line":40,"column":5}},"line":22}},"branchMap":{"0":{"loc":{"start":{"line":24,"column":8},"end":{"line":26,"column":9}},"type":"if","locations":[{"start":{"line":24,"column":8},"end":{"line":26,"column":9}},{"start":{},"end":{}}],"line":24}},"s":{"0":1,"1":1,"2":1,"3":1,"4":1,"5":1,"6":1,"7":2,"8":1,"9":5,"10":5,"11":1,"12":4,"13":4,"14":4,"15":3,"16":1,"17":1},"f":{"0":2,"1":5},"b":{"0":[1,4]},"_coverageSchema":"1a1c01bbd47fc00a2c39e90264f33305004495a9","hash":"cc6cb67630b1224027ffb813aa69243365670840"}
,"J:\\IGTI - bootCamp nodeJs\\Modulo 4 -\\1 - PARTE 1 TESTES - UNITARIOS E INTEGRACAO COM JEST\\api_jurosCompostos\\src\\bancoDados.js": {"path":"J:\\IGTI - bootCamp nodeJs\\Modulo 4 -\\1 - PARTE 1 TESTES - UNITARIOS E INTEGRACAO COM JEST\\api_jurosCompostos\\src\\bancoDados.js","statementMap":{"0":{"start":{"line":1,"column":18},"end":{"line":1,"column":38}},"1":{"start":{"line":3,"column":18},"end":{"line":11,"column":2}},"2":{"start":{"line":13,"column":21},"end":{"line":29,"column":1}},"3":{"start":{"line":14,"column":20},"end":{"line":26,"column":6}},"4":{"start":{"line":28,"column":4},"end":{"line":28,"column":18}},"5":{"start":{"line":31,"column":22},"end":{"line":61,"column":1}},"6":{"start":{"line":32,"column":21},"end":{"line":58,"column":6}},"7":{"start":{"line":60,"column":4},"end":{"line":60,"column":19}},"8":{"start":{"line":63,"column":16},"end":{"line":63,"column":60}},"9":{"start":{"line":64,"column":17},"end":{"line":64,"column":62}},"10":{"start":{"line":66,"column":0},"end":{"line":66,"column":44}},"11":{"start":{"line":67,"column":0},"end":{"line":67,"column":27}},"12":{"start":{"line":69,"column":0},"end":{"line":73,"column":1}}},"fnMap":{"0":{"name":"(anonymous_0)","decl":{"start":{"line":13,"column":21},"end":{"line":13,"column":22}},"loc":{"start":{"line":13,"column":47},"end":{"line":29,"column":1}},"line":13},"1":{"name":"(anonymous_1)","decl":{"start":{"line":31,"column":22},"end":{"line":31,"column":23}},"loc":{"start":{"line":31,"column":48},"end":{"line":61,"column":1}},"line":31}},"branchMap":{},"s":{"0":1,"1":1,"2":1,"3":1,"4":1,"5":1,"6":1,"7":1,"8":1,"9":1,"10":1,"11":1,"12":1},"f":{"0":1,"1":1},"b":{},"_coverageSchema":"1a1c01bbd47fc00a2c39e90264f33305004495a9","hash":"c975e777fefb6ea0f7c0def90506b1fe087172a7"}
,"J:\\IGTI - bootCamp nodeJs\\Modulo 4 -\\1 - PARTE 1 TESTES - UNITARIOS E INTEGRACAO COM JEST\\api_jurosCompostos\\src\\calcula-valor.js": {"path":"J:\\IGTI - bootCamp nodeJs\\Modulo 4 -\\1 - PARTE 1 TESTES - UNITARIOS E INTEGRACAO COM JEST\\api_jurosCompostos\\src\\calcula-valor.js","statementMap":{"0":{"start":{"line":2,"column":19},"end":{"line":2,"column":62}},"1":{"start":{"line":3,"column":4},"end":{"line":3,"column":35}},"2":{"start":{"line":4,"column":4},"end":{"line":4,"column":20}},"3":{"start":{"line":8,"column":21},"end":{"line":8,"column":24}},"4":{"start":{"line":9,"column":24},"end":{"line":9,"column":82}},"5":{"start":{"line":10,"column":4},"end":{"line":10,"column":23}},"6":{"start":{"line":14,"column":26},"end":{"line":14,"column":61}},"7":{"start":{"line":16,"column":22},"end":{"line":16,"column":63}},"8":{"start":{"line":18,"column":25},"end":{"line":18,"column":59}},"9":{"start":{"line":18,"column":52},"end":{"line":18,"column":57}},"10":{"start":{"line":20,"column":20},"end":{"line":20,"column":55}},"11":{"start":{"line":21,"column":12},"end":{"line":21,"column":13}},"12":{"start":{"line":25,"column":4},"end":{"line":30,"column":5}},"13":{"start":{"line":26,"column":8},"end":{"line":26,"column":55}},"14":{"start":{"line":27,"column":8},"end":{"line":27,"column":59}},"15":{"start":{"line":27,"column":52},"end":{"line":27,"column":57}},"16":{"start":{"line":28,"column":8},"end":{"line":28,"column":55}},"17":{"start":{"line":29,"column":8},"end":{"line":29,"column":12}},"18":{"start":{"line":35,"column":4},"end":{"line":35,"column":20}},"19":{"start":{"line":40,"column":4},"end":{"line":44,"column":5}},"20":{"start":{"line":40,"column":16},"end":{"line":40,"column":17}},"21":{"start":{"line":41,"column":8},"end":{"line":43,"column":9}},"22":{"start":{"line":42,"column":12},"end":{"line":42,"column":33}},"23":{"start":{"line":48,"column":4},"end":{"line":50,"column":12}},"24":{"start":{"line":49,"column":8},"end":{"line":49,"column":19}},"25":{"start":{"line":53,"column":0},"end":{"line":59,"column":1}}},"fnMap":{"0":{"name":"calcularMontante","decl":{"start":{"line":1,"column":9},"end":{"line":1,"column":25}},"loc":{"start":{"line":1,"column":50},"end":{"line":5,"column":1}},"line":1},"1":{"name":"arredondar","decl":{"start":{"line":7,"column":9},"end":{"line":7,"column":19}},"loc":{"start":{"line":7,"column":27},"end":{"line":11,"column":1}},"line":7},"2":{"name":"calcularPrestacoes","decl":{"start":{"line":13,"column":9},"end":{"line":13,"column":27}},"loc":{"start":{"line":13,"column":54},"end":{"line":36,"column":1}},"line":13},"3":{"name":"(anonymous_3)","decl":{"start":{"line":18,"column":42},"end":{"line":18,"column":43}},"loc":{"start":{"line":18,"column":52},"end":{"line":18,"column":57}},"line":18},"4":{"name":"(anonymous_4)","decl":{"start":{"line":27,"column":42},"end":{"line":27,"column":43}},"loc":{"start":{"line":27,"column":52},"end":{"line":27,"column":57}},"line":27},"5":{"name":"realizarParaAdultos","decl":{"start":{"line":39,"column":9},"end":{"line":39,"column":28}},"loc":{"start":{"line":39,"column":48},"end":{"line":45,"column":1}},"line":39},"6":{"name":"timerMock","decl":{"start":{"line":47,"column":9},"end":{"line":47,"column":18}},"loc":{"start":{"line":47,"column":30},"end":{"line":51,"column":1}},"line":47},"7":{"name":"(anonymous_7)","decl":{"start":{"line":48,"column":15},"end":{"line":48,"column":16}},"loc":{"start":{"line":48,"column":21},"end":{"line":50,"column":5}},"line":48}},"branchMap":{"0":{"loc":{"start":{"line":41,"column":8},"end":{"line":43,"column":9}},"type":"if","locations":[{"start":{"line":41,"column":8},"end":{"line":43,"column":9}},{"start":{},"end":{}}],"line":41}},"s":{"0":5,"1":5,"2":5,"3":34,"4":34,"5":34,"6":7,"7":7,"8":7,"9":15,"10":7,"11":7,"12":7,"13":6,"14":6,"15":18,"16":6,"17":6,"18":7,"19":1,"20":1,"21":3,"22":2,"23":1,"24":1,"25":2},"f":{"0":5,"1":34,"2":7,"3":15,"4":18,"5":1,"6":1,"7":1},"b":{"0":[2,1]},"_coverageSchema":"1a1c01bbd47fc00a2c39e90264f33305004495a9","hash":"02f94a2ad5cff8e1d295910fa904b96f0b2e228f"}
,"J:\\IGTI - bootCamp nodeJs\\Modulo 4 -\\1 - PARTE 1 TESTES - UNITARIOS E INTEGRACAO COM JEST\\api_jurosCompostos\\src\\consulta-cliente.js": {"path":"J:\\IGTI - bootCamp nodeJs\\Modulo 4 -\\1 - PARTE 1 TESTES - UNITARIOS E INTEGRACAO COM JEST\\api_jurosCompostos\\src\\consulta-cliente.js","statementMap":{"0":{"start":{"line":1,"column":21},"end":{"line":1,"column":50}},"1":{"start":{"line":3,"column":19},"end":{"line":3,"column":42}},"2":{"start":{"line":5,"column":14},"end":{"line":5,"column":19}},"3":{"start":{"line":7,"column":18},"end":{"line":58,"column":1}},"4":{"start":{"line":8,"column":4},"end":{"line":8,"column":28}},"5":{"start":{"line":9,"column":18},"end":{"line":11,"column":6}},"6":{"start":{"line":13,"column":4},"end":{"line":18,"column":5}},"7":{"start":{"line":14,"column":8},"end":{"line":17,"column":10}},"8":{"start":{"line":20,"column":27},"end":{"line":25,"column":6}},"9":{"start":{"line":27,"column":4},"end":{"line":34,"column":5}},"10":{"start":{"line":28,"column":26},"end":{"line":28,"column":104}},"11":{"start":{"line":29,"column":30},"end":{"line":29,"column":75}},"12":{"start":{"line":31,"column":8},"end":{"line":33,"column":9}},"13":{"start":{"line":32,"column":12},"end":{"line":32,"column":81}},"14":{"start":{"line":36,"column":21},"end":{"line":36,"column":74}},"15":{"start":{"line":37,"column":23},"end":{"line":37,"column":74}},"16":{"start":{"line":39,"column":25},"end":{"line":46,"column":5}},"17":{"start":{"line":48,"column":4},"end":{"line":48,"column":50}},"18":{"start":{"line":50,"column":4},"end":{"line":56,"column":5}},"19":{"start":{"line":60,"column":0},"end":{"line":62,"column":1}}},"fnMap":{"0":{"name":"(anonymous_0)","decl":{"start":{"line":7,"column":18},"end":{"line":7,"column":19}},"loc":{"start":{"line":7,"column":56},"end":{"line":58,"column":1}},"line":7}},"branchMap":{"0":{"loc":{"start":{"line":13,"column":4},"end":{"line":18,"column":5}},"type":"if","locations":[{"start":{"line":13,"column":4},"end":{"line":18,"column":5}},{"start":{},"end":{}}],"line":13},"1":{"loc":{"start":{"line":27,"column":4},"end":{"line":34,"column":5}},"type":"if","locations":[{"start":{"line":27,"column":4},"end":{"line":34,"column":5}},{"start":{},"end":{}}],"line":27},"2":{"loc":{"start":{"line":31,"column":8},"end":{"line":33,"column":9}},"type":"if","locations":[{"start":{"line":31,"column":8},"end":{"line":33,"column":9}},{"start":{},"end":{}}],"line":31}},"s":{"0":1,"1":1,"2":1,"3":1,"4":4,"5":4,"6":4,"7":2,"8":4,"9":4,"10":2,"11":2,"12":2,"13":1,"14":3,"15":3,"16":3,"17":3,"18":3,"19":1},"f":{"0":4},"b":{"0":[2,2],"1":[2,2],"2":[1,1]},"_coverageSchema":"1a1c01bbd47fc00a2c39e90264f33305004495a9","hash":"34971d5bed49229bfd941dbc783a79ace3f2bdc4"}
}
