TN:
SF:src\app.js
FN:11,(anonymous_0)
FN:22,(anonymous_1)
FNF:2
FNH:2
FNDA:2,(anonymous_0)
FNDA:5,(anonymous_1)
DA:1,1
DA:2,1
DA:4,1
DA:5,1
DA:7,1
DA:9,1
DA:11,1
DA:12,2
DA:15,1
DA:23,5
DA:24,5
DA:25,1
DA:28,4
DA:29,4
DA:30,4
DA:36,3
DA:38,1
DA:43,1
LF:18
LH:18
BRDA:24,0,0,1
BRDA:24,0,1,4
BRF:2
BRH:2
end_of_record
TN:
SF:src\bancoDados.js
FN:13,(anonymous_0)
FN:31,(anonymous_1)
FNF:2
FNH:2
FNDA:1,(anonymous_0)
FNDA:1,(anonymous_1)
DA:1,1
DA:3,1
DA:13,1
DA:14,1
DA:28,1
DA:31,1
DA:32,1
DA:60,1
DA:63,1
DA:64,1
DA:66,1
DA:67,1
DA:69,1
LF:13
LH:13
BRF:0
BRH:0
end_of_record
TN:
SF:src\calcula-valor.js
FN:1,calcularMontante
FN:7,arredondar
FN:13,calcularPrestacoes
FN:18,(anonymous_3)
FN:27,(anonymous_4)
FN:39,realizarParaAdultos
FN:47,timerMock
FN:48,(anonymous_7)
FNF:8
FNH:8
FNDA:5,calcularMontante
FNDA:34,arredondar
FNDA:7,calcularPrestacoes
FNDA:15,(anonymous_3)
FNDA:18,(anonymous_4)
FNDA:1,realizarParaAdultos
FNDA:1,timerMock
FNDA:1,(anonymous_7)
DA:2,5
DA:3,5
DA:4,5
DA:8,34
DA:9,34
DA:10,34
DA:14,7
DA:16,7
DA:18,15
DA:20,7
DA:21,7
DA:25,7
DA:26,6
DA:27,18
DA:28,6
DA:29,6
DA:35,7
DA:40,1
DA:41,3
DA:42,2
DA:48,1
DA:49,1
DA:53,2
LF:23
LH:23
BRDA:41,0,0,2
BRDA:41,0,1,1
BRF:2
BRH:2
end_of_record
TN:
SF:src\consulta-cliente.js
FN:7,(anonymous_0)
FNF:1
FNH:1
FNDA:4,(anonymous_0)
DA:1,1
DA:3,1
DA:5,1
DA:7,1
DA:8,4
DA:9,4
DA:13,4
DA:14,2
DA:20,4
DA:27,4
DA:28,2
DA:29,2
DA:31,2
DA:32,1
DA:36,3
DA:37,3
DA:39,3
DA:48,3
DA:50,3
DA:60,1
LF:20
LH:20
BRDA:13,0,0,2
BRDA:13,0,1,2
BRDA:27,1,0,2
BRDA:27,1,1,2
BRDA:31,2,0,1
BRDA:31,2,1,1
BRF:6
BRH:6
end_of_record
